<?xml version="1.0" encoding="UTF-8"?>
<!-- Generated by org.testng.reporters.JUnitReportReporter -->
<testsuite hostname="DESKTOP-ERHSHJS" failures="0" tests="2" name="AutomationAcademy.ErrorValidation" time="30.531" errors="0" timestamp="2024-06-18T11:34:19 SAST" skipped="0">
  <testcase classname="AutomationAcademy.ErrorValidation" name="loginErrorValidation" time="13.747"/>
  <testcase classname="AutomationAcademy.ErrorValidation" name="productValidation" time="16.784"/>
</testsuite> <!-- AutomationAcademy.ErrorValidation -->
